<?xml version="1.0" encoding="UTF-8"?>
<!-- Generated by org.testng.reporters.JUnitReportReporter -->
<testsuite hostname="Tilak" failures="0" tests="8" name="amazon.testScripts.TC4_A_Lang_Test" time="487.371" errors="0" timestamp="2023-02-07T18:41:10 IST" skipped="0">
  <testcase classname="amazon.testScripts.TC4_A_Lang_Test" name="testLanKan" time="19.998"/>
  <system-out/>
  <testcase classname="amazon.testScripts.TC4_A_Lang_Test" name="testLanEng" time="46.904"/>
  <system-out/>
  <testcase classname="amazon.testScripts.TC4_A_Lang_Test" name="testLanHin" time="29.189"/>
  <system-out/>
  <testcase classname="amazon.testScripts.TC4_A_Lang_Test" name="testLanMarathi" time="72.503"/>
  <system-out/>
  <testcase classname="amazon.testScripts.TC4_A_Lang_Test" name="testLanTelugu" time="20.413"/>
  <system-out/>
  <testcase classname="amazon.testScripts.TC4_A_Lang_Test" name="testLanTamil" time="26.509"/>
  <system-out/>
  <testcase classname="amazon.testScripts.TC4_A_Lang_Test" name="testLanBangla" time="128.110"/>
  <system-out/>
  <testcase classname="amazon.testScripts.TC4_A_Lang_Test" name="testLanMalayalam" time="143.745"/>
  <system-out/>
</testsuite> <!-- amazon.testScripts.TC4_A_Lang_Test -->
