<?xml version="1.0" encoding="UTF-8"?>
<!-- Generated by org.testng.reporters.JUnitReportReporter -->
<testsuite hostname="Tilak" failures="0" tests="1" name="amazon.testScripts.TC5_A_Deals_Test" time="61.636" errors="0" timestamp="2023-02-07T19:37:03 IST" skipped="0">
  <testcase classname="amazon.testScripts.TC5_A_Deals_Test" name="seeAllDeals" time="61.636"/>
  <system-out/>
</testsuite> <!-- amazon.testScripts.TC5_A_Deals_Test -->
