<?xml version="1.0" encoding="UTF-8"?>
<!-- Generated by org.testng.reporters.JUnitReportReporter -->
<testsuite hostname="Tilak" failures="0" tests="2" name="amazon.testScripts.TC3_A_Search_Test" time="16.135" errors="0" timestamp="2023-02-07T13:31:39 IST" skipped="0">
  <testcase classname="amazon.testScripts.TC3_A_Search_Test" name="searchBarItemWritable" time="6.011"/>
  <system-out/>
  <testcase classname="amazon.testScripts.TC3_A_Search_Test" name="searchBarVisible" time="10.124"/>
  <system-out/>
</testsuite> <!-- amazon.testScripts.TC3_A_Search_Test -->
