<?xml version="1.0" encoding="UTF-8"?>
<!-- Generated by org.testng.reporters.JUnitReportReporter -->
<testsuite hostname="Tilak" failures="0" tests="2" name="amazon.testScripts.TC9_A_DealType_Test" time="54.019" errors="0" timestamp="2023-02-08T14:27:49 IST" skipped="0">
  <testcase classname="amazon.testScripts.TC9_A_DealType_Test" name="testVisibilityDealType" time="27.031"/>
  <system-out>
    <![CDATA[All Deal Type Elements are Visible in WebPage]]>
  </system-out>
  <testcase classname="amazon.testScripts.TC9_A_DealType_Test" name="testDealType" time="26.988"/>
  <system-out/>
</testsuite> <!-- amazon.testScripts.TC9_A_DealType_Test -->
