<?xml version="1.0" encoding="UTF-8"?>
<!-- Generated by org.testng.reporters.JUnitReportReporter -->
<testsuite hostname="Tilak" failures="0" tests="5" name="amazon.testScripts.AmazonHPTest" time="14.101" errors="0" timestamp="2023-02-06T19:36:34 IST" skipped="0">
  <testcase classname="amazon.testScripts.AmazonHPTest" name="launchBrowser" time="9.236"/>
  <system-out>
    <![CDATA[Chrome Browser launched Successfully]]>
  </system-out>
  <testcase classname="amazon.testScripts.AmazonHPTest" name="launchHomePage" time="3.012"/>
  <system-out>
    <![CDATA[Home Page is Visibility Test Passed Successfully]]>
  </system-out>
  <testcase classname="amazon.testScripts.AmazonHPTest" name="scrollPage" time="1.079"/>
  <system-out>
    <![CDATA[Scrolling Action Working Successfully]]>
  </system-out>
  <testcase classname="amazon.testScripts.AmazonHPTest" name="testTitleURL" time="0.381"/>
  <system-out>
    <![CDATA[Title and URL both are matching!]]>
  </system-out>
  <testcase classname="amazon.testScripts.AmazonHPTest" name="closeBrowser" time="0.393"/>
  <system-out>
    <![CDATA[Chrome Browser closed Succesfully]]>
  </system-out>
</testsuite> <!-- amazon.testScripts.AmazonHPTest -->
