<?xml version="1.0" encoding="UTF-8"?>
<!-- Generated by org.testng.reporters.JUnitReportReporter -->
<testsuite hostname="Tilak" failures="0" tests="1" name="amazon.testScripts.TC10_A_Sort_Items" time="13.708" errors="0" timestamp="2023-02-09T17:35:05 IST" skipped="0">
  <testcase classname="amazon.testScripts.TC10_A_Sort_Items" name="searchItem" time="13.708"/>
  <system-out/>
</testsuite> <!-- amazon.testScripts.TC10_A_Sort_Items -->
