<?xml version="1.0" encoding="UTF-8"?>
<!-- Generated by org.testng.reporters.JUnitReportReporter -->
<testsuite hostname="Tilak" failures="0" tests="1" name="amazon.testScripts.TC10_A_SortItemLow_High" time="14.692" errors="0" timestamp="2023-02-09T17:32:38 IST" skipped="0">
  <testcase classname="amazon.testScripts.TC10_A_SortItemLow_High" name="searchItem" time="14.692"/>
  <system-out/>
</testsuite> <!-- amazon.testScripts.TC10_A_SortItemLow_High -->
