<?xml version="1.0" encoding="UTF-8"?>
<!-- Generated by org.testng.reporters.JUnitReportReporter -->
<testsuite hostname="Tilak" failures="0" tests="1" name="amazon.testScripts.TC8_A_PriceRange_Test" time="76.872" errors="0" timestamp="2023-02-08T11:19:15 IST" skipped="0">
  <testcase classname="amazon.testScripts.TC8_A_PriceRange_Test" name="testPriceRange" time="76.872"/>
  <system-out/>
</testsuite> <!-- amazon.testScripts.TC8_A_PriceRange_Test -->
