<?xml version="1.0" encoding="UTF-8"?>
<!-- Generated by org.testng.reporters.JUnitReportReporter -->
<testsuite hostname="LAPTOP-2122UIPD" failures="0" tests="1" name="amazon.testScripts.TC07ElectronicsLaptopsTest" time="14.238" errors="0" timestamp="2023-07-31T16:41:16 IST" skipped="0">
  <testcase classname="amazon.testScripts.TC07ElectronicsLaptopsTest" name="clickElectronics" time="14.238"/>
  <system-out>
    <![CDATA[Opened Session Successful
Login Successful
Logout Successful
Closed Session Successful]]>
  </system-out>
</testsuite> <!-- amazon.testScripts.TC07ElectronicsLaptopsTest -->
