<?xml version="1.0" encoding="UTF-8"?>
<!-- Generated by org.testng.reporters.JUnitReportReporter -->
<testsuite hostname="Tilak" failures="0" tests="1" name="amazon.testScripts.TC6_A_CustReview_Test" time="36.067" errors="0" timestamp="2023-02-08T10:38:01 IST" skipped="0">
  <testcase classname="amazon.testScripts.TC6_A_CustReview_Test" name="clickOnReview" time="36.067"/>
  <system-out/>
</testsuite> <!-- amazon.testScripts.TC6_A_CustReview_Test -->
