<?xml version="1.0" encoding="UTF-8"?>
<!-- Generated by org.testng.reporters.JUnitReportReporter -->
<testsuite hostname="Tilak" failures="0" tests="1" name="amazon.testScripts.TC7_A_Discount_Test" time="47.243" errors="0" timestamp="2023-02-08T10:55:32 IST" skipped="0">
  <testcase classname="amazon.testScripts.TC7_A_Discount_Test" name="testDiscount" time="47.243"/>
  <system-out/>
</testsuite> <!-- amazon.testScripts.TC7_A_Discount_Test -->
