<?xml version="1.0" encoding="UTF-8"?>
<!-- Generated by org.testng.reporters.JUnitReportReporter -->
<testsuite hostname="LAPTOP-2122UIPD" failures="0" tests="2" name="amazon.testScripts.TC01HomePageTest" time="27.810" errors="0" timestamp="2023-08-07T19:38:28 IST" skipped="0">
  <testcase classname="amazon.testScripts.TC01HomePageTest" name="setUp" time="18.180"/>
  <testcase classname="amazon.testScripts.TC01HomePageTest" name="homePageTest" time="9.630">
    <system-out>
      <![CDATA[Home Page is Visible and Loading As Mentioned]]>
    </system-out>
  </testcase> <!-- homePageTest -->
  <system-out>
    <![CDATA[Opened Session Successful
Login Successful
Logout Successful
Login Successful
Home Page is Visible and Loading As Mentioned
Logout Successful
Closed Session Successful]]>
  </system-out>
</testsuite> <!-- amazon.testScripts.TC01HomePageTest -->
